<?xml version="1.0" encoding="UTF-8"?>
<!-- Generated by org.testng.reporters.JUnitReportReporter -->
<testsuite name="com.firstmavenproject.DemoTest" tests="1" time="6.988" ignored="0" failures="0" timestamp="20 Sep 2021 11:07:21 GMT" skipped="0" hostname="AJAYBKADAM" errors="0">
  <testcase name="demo" time="6.988" classname="com.firstmavenproject.DemoTest"/>
</testsuite> <!-- com.firstmavenproject.DemoTest -->
