<?xml version="1.0" encoding="UTF-8"?>
<!-- Generated by org.testng.reporters.JUnitReportReporter -->
<testsuite name="com.firstmavenproject.DemoTest3" tests="1" time="10.689" ignored="0" failures="0" timestamp="20 Sep 2021 11:56:49 GMT" skipped="0" hostname="AJAYBKADAM" errors="0">
  <testcase name="sigin" time="10.689" classname="com.firstmavenproject.DemoTest3"/>
</testsuite> <!-- com.firstmavenproject.DemoTest3 -->
