<?xml version="1.0" encoding="UTF-8"?>
<!-- Generated by org.testng.reporters.JUnitReportReporter -->
<testsuite name="com.firstmavenproject.Test1" tests="1" time="3.884" ignored="0" failures="0" timestamp="29 Sep 2021 12:12:53 GMT" skipped="0" hostname="AJAYBKADAM" errors="0">
  <testcase name="course" time="3.884" classname="com.firstmavenproject.Test1"/>
</testsuite> <!-- com.firstmavenproject.Test1 -->
