<?xml version="1.0" encoding="UTF-8"?>
<!-- Generated by org.testng.reporters.JUnitReportReporter -->
<testsuite name="com.test.LoginPageTest" tests="1" time="6.006" ignored="0" failures="0" timestamp="16 Oct 2021 06:40:11 GMT" skipped="0" hostname="AJAYBKADAM" errors="0">
  <testcase name="Test1" time="6.006" classname="com.test.LoginPageTest"/>
</testsuite> <!-- com.test.LoginPageTest -->
