<?xml version="1.0" encoding="UTF-8"?>
<!-- Generated by org.testng.reporters.JUnitReportReporter -->
<testsuite name="com.POMTest.PomLoginTest" tests="3" time="1.145" ignored="0" failures="0" timestamp="04 Oct 2021 03:59:37 GMT" skipped="0" hostname="AJAYBKADAM" errors="0">
  <testcase name="TestLogin1" time="0.738" classname="com.POMTest.PomLoginTest"/>
  <testcase name="TestLogin3" time="0.251" classname="com.POMTest.PomLoginTest"/>
  <testcase name="TestLogin2" time="0.156" classname="com.POMTest.PomLoginTest"/>
</testsuite> <!-- com.POMTest.PomLoginTest -->
