<?xml version="1.0" encoding="UTF-8"?>
<!-- Generated by org.testng.reporters.JUnitReportReporter -->
<testsuite name="com.test.DashboardPageTest" tests="2" time="1.840" ignored="0" failures="0" timestamp="16 Oct 2021 06:40:11 GMT" skipped="0" hostname="AJAYBKADAM" errors="0">
  <testcase name="Test3" time="1.201" classname="com.test.DashboardPageTest"/>
  <testcase name="Test2" time="0.639" classname="com.test.DashboardPageTest"/>
</testsuite> <!-- com.test.DashboardPageTest -->
