<?xml version="1.0" encoding="UTF-8"?>
<!-- Generated by org.testng.reporters.JUnitReportReporter -->
<testsuite name="com.test.LoginTest" tests="3" time="1.182" ignored="0" failures="0" timestamp="29 Sep 2021 08:09:12 GMT" skipped="0" hostname="AJAYBKADAM" errors="0">
  <testcase name="Test1" time="0.781" classname="com.test.LoginTest"/>
  <testcase name="Test3" time="0.231" classname="com.test.LoginTest"/>
  <testcase name="Test2" time="0.170" classname="com.test.LoginTest"/>
</testsuite> <!-- com.test.LoginTest -->
