<?xml version="1.0" encoding="UTF-8"?>
<!-- Generated by org.testng.reporters.JUnitReportReporter -->
<testsuite name="com.test.NewUserpageTest" tests="1" time="0.005" ignored="0" failures="0" timestamp="25 Oct 2021 10:06:20 GMT" skipped="0" hostname="AJAYBKADAM" errors="0">
  <testcase name="Test4" time="0.005" classname="com.test.NewUserpageTest"/>
</testsuite> <!-- com.test.NewUserpageTest -->
