<?xml version="1.0" encoding="UTF-8"?>
<!-- Generated by org.testng.reporters.JUnitReportReporter -->
<testsuite name="com.firstmavenproject.Test3" tests="1" time="4.825" ignored="0" failures="0" timestamp="29 Sep 2021 12:12:53 GMT" skipped="0" hostname="AJAYBKADAM" errors="0">
  <testcase name="checkblank" time="4.825" classname="com.firstmavenproject.Test3"/>
</testsuite> <!-- com.firstmavenproject.Test3 -->
