<?xml version="1.0" encoding="UTF-8"?>
<!-- Generated by org.testng.reporters.JUnitReportReporter -->
<testsuite name="com.test.DashboardPageTest" tests="2" time="0.661" ignored="0" failures="0" timestamp="25 Oct 2021 10:06:20 GMT" skipped="0" hostname="AJAYBKADAM" errors="0">
  <testcase name="Test3" time="0.431" classname="com.test.DashboardPageTest"/>
  <testcase name="Test2" time="0.230" classname="com.test.DashboardPageTest"/>
</testsuite> <!-- com.test.DashboardPageTest -->
